Parameter Grid:
{'n_estimators': [100, 200, 300], 'max_depth': [2, 10, 15], 'min_samples_split': [2, 5, 10], 'min_samples_leaf': [1, 2, 4]}

CV Results:
Parameters: {'max_depth': 2, 'min_samples_leaf': 1, 'min_samples_split': 2, 'n_estimators': 100}
Mean F1 Score: 0.3039202741362507
Mean Precision: 0.3039202741362507
Mean Recall: 0.3039202741362507
Mean Hamming Loss: -0.6960797258637492
Parameters: {'max_depth': 2, 'min_samples_leaf': 1, 'min_samples_split': 2, 'n_estimators': 200}
Mean F1 Score: 0.30174950485711594
Mean Precision: 0.30174950485711594
Mean Recall: 0.30174950485711594
Mean Hamming Loss: -0.6982504951428842
Parameters: {'max_depth': 2, 'min_samples_leaf': 1, 'min_samples_split': 2, 'n_estimators': 300}
Mean F1 Score: 0.30320035210160645
Mean Precision: 0.30320035210160645
Mean Recall: 0.30320035210160645
Mean Hamming Loss: -0.6967996478983935
Parameters: {'max_depth': 2, 'min_samples_leaf': 1, 'min_samples_split': 5, 'n_estimators': 100}
Mean F1 Score: 0.3039202741362507
Mean Precision: 0.3039202741362507
Mean Recall: 0.3039202741362507
Mean Hamming Loss: -0.6960797258637492
Parameters: {'max_depth': 2, 'min_samples_leaf': 1, 'min_samples_split': 5, 'n_estimators': 200}
Mean F1 Score: 0.30174950485711594
Mean Precision: 0.30174950485711594
Mean Recall: 0.30174950485711594
Mean Hamming Loss: -0.6982504951428842
Parameters: {'max_depth': 2, 'min_samples_leaf': 1, 'min_samples_split': 5, 'n_estimators': 300}
Mean F1 Score: 0.30320035210160645
Mean Precision: 0.30320035210160645
Mean Recall: 0.30320035210160645
Mean Hamming Loss: -0.6967996478983935
Parameters: {'max_depth': 2, 'min_samples_leaf': 1, 'min_samples_split': 10, 'n_estimators': 100}
Mean F1 Score: 0.3039202741362507
Mean Precision: 0.3039202741362507
Mean Recall: 0.3039202741362507
Mean Hamming Loss: -0.6960797258637492
Parameters: {'max_depth': 2, 'min_samples_leaf': 1, 'min_samples_split': 10, 'n_estimators': 200}
Mean F1 Score: 0.30174950485711594
Mean Precision: 0.30174950485711594
Mean Recall: 0.30174950485711594
Mean Hamming Loss: -0.6982504951428842
Parameters: {'max_depth': 2, 'min_samples_leaf': 1, 'min_samples_split': 10, 'n_estimators': 300}
Mean F1 Score: 0.30320035210160645
Mean Precision: 0.30320035210160645
Mean Recall: 0.30320035210160645
Mean Hamming Loss: -0.6967996478983935
Parameters: {'max_depth': 2, 'min_samples_leaf': 2, 'min_samples_split': 2, 'n_estimators': 100}
Mean F1 Score: 0.3039202741362507
Mean Precision: 0.3039202741362507
Mean Recall: 0.3039202741362507
Mean Hamming Loss: -0.6960797258637492
Parameters: {'max_depth': 2, 'min_samples_leaf': 2, 'min_samples_split': 2, 'n_estimators': 200}
Mean F1 Score: 0.30174950485711594
Mean Precision: 0.30174950485711594
Mean Recall: 0.30174950485711594
Mean Hamming Loss: -0.6982504951428842
Parameters: {'max_depth': 2, 'min_samples_leaf': 2, 'min_samples_split': 2, 'n_estimators': 300}
Mean F1 Score: 0.30320035210160645
Mean Precision: 0.30320035210160645
Mean Recall: 0.30320035210160645
Mean Hamming Loss: -0.6967996478983935
Parameters: {'max_depth': 2, 'min_samples_leaf': 2, 'min_samples_split': 5, 'n_estimators': 100}
Mean F1 Score: 0.3039202741362507
Mean Precision: 0.3039202741362507
Mean Recall: 0.3039202741362507
Mean Hamming Loss: -0.6960797258637492
Parameters: {'max_depth': 2, 'min_samples_leaf': 2, 'min_samples_split': 5, 'n_estimators': 200}
Mean F1 Score: 0.30174950485711594
Mean Precision: 0.30174950485711594
Mean Recall: 0.30174950485711594
Mean Hamming Loss: -0.6982504951428842
Parameters: {'max_depth': 2, 'min_samples_leaf': 2, 'min_samples_split': 5, 'n_estimators': 300}
Mean F1 Score: 0.30320035210160645
Mean Precision: 0.30320035210160645
Mean Recall: 0.30320035210160645
Mean Hamming Loss: -0.6967996478983935
Parameters: {'max_depth': 2, 'min_samples_leaf': 2, 'min_samples_split': 10, 'n_estimators': 100}
Mean F1 Score: 0.3039202741362507
Mean Precision: 0.3039202741362507
Mean Recall: 0.3039202741362507
Mean Hamming Loss: -0.6960797258637492
Parameters: {'max_depth': 2, 'min_samples_leaf': 2, 'min_samples_split': 10, 'n_estimators': 200}
Mean F1 Score: 0.30174950485711594
Mean Precision: 0.30174950485711594
Mean Recall: 0.30174950485711594
Mean Hamming Loss: -0.6982504951428842
Parameters: {'max_depth': 2, 'min_samples_leaf': 2, 'min_samples_split': 10, 'n_estimators': 300}
Mean F1 Score: 0.30320035210160645
Mean Precision: 0.30320035210160645
Mean Recall: 0.30320035210160645
Mean Hamming Loss: -0.6967996478983935
Parameters: {'max_depth': 2, 'min_samples_leaf': 4, 'min_samples_split': 2, 'n_estimators': 100}
Mean F1 Score: 0.3039202741362507
Mean Precision: 0.3039202741362507
Mean Recall: 0.3039202741362507
Mean Hamming Loss: -0.6960797258637492
Parameters: {'max_depth': 2, 'min_samples_leaf': 4, 'min_samples_split': 2, 'n_estimators': 200}
Mean F1 Score: 0.30102643905812826
Mean Precision: 0.30102643905812826
Mean Recall: 0.30102643905812826
Mean Hamming Loss: -0.6989735609418718
Parameters: {'max_depth': 2, 'min_samples_leaf': 4, 'min_samples_split': 2, 'n_estimators': 300}
Mean F1 Score: 0.302475714420447
Mean Precision: 0.302475714420447
Mean Recall: 0.302475714420447
Mean Hamming Loss: -0.697524285579553
Parameters: {'max_depth': 2, 'min_samples_leaf': 4, 'min_samples_split': 5, 'n_estimators': 100}
Mean F1 Score: 0.3039202741362507
Mean Precision: 0.3039202741362507
Mean Recall: 0.3039202741362507
Mean Hamming Loss: -0.6960797258637492
Parameters: {'max_depth': 2, 'min_samples_leaf': 4, 'min_samples_split': 5, 'n_estimators': 200}
Mean F1 Score: 0.30102643905812826
Mean Precision: 0.30102643905812826
Mean Recall: 0.30102643905812826
Mean Hamming Loss: -0.6989735609418718
Parameters: {'max_depth': 2, 'min_samples_leaf': 4, 'min_samples_split': 5, 'n_estimators': 300}
Mean F1 Score: 0.302475714420447
Mean Precision: 0.302475714420447
Mean Recall: 0.302475714420447
Mean Hamming Loss: -0.697524285579553
Parameters: {'max_depth': 2, 'min_samples_leaf': 4, 'min_samples_split': 10, 'n_estimators': 100}
Mean F1 Score: 0.3039202741362507
Mean Precision: 0.3039202741362507
Mean Recall: 0.3039202741362507
Mean Hamming Loss: -0.6960797258637492
Parameters: {'max_depth': 2, 'min_samples_leaf': 4, 'min_samples_split': 10, 'n_estimators': 200}
Mean F1 Score: 0.30102643905812826
Mean Precision: 0.30102643905812826
Mean Recall: 0.30102643905812826
Mean Hamming Loss: -0.6989735609418718
Parameters: {'max_depth': 2, 'min_samples_leaf': 4, 'min_samples_split': 10, 'n_estimators': 300}
Mean F1 Score: 0.302475714420447
Mean Precision: 0.302475714420447
Mean Recall: 0.302475714420447
Mean Hamming Loss: -0.697524285579553
Parameters: {'max_depth': 10, 'min_samples_leaf': 1, 'min_samples_split': 2, 'n_estimators': 100}
Mean F1 Score: 0.12664969033921217
Mean Precision: 0.12664969033921217
Mean Recall: 0.12664969033921217
Mean Hamming Loss: -0.8733503096607879
Parameters: {'max_depth': 10, 'min_samples_leaf': 1, 'min_samples_split': 2, 'n_estimators': 200}
Mean F1 Score: 0.12230972366311421
Mean Precision: 0.12230972366311421
Mean Recall: 0.12230972366311421
Mean Hamming Loss: -0.8776902763368858
Parameters: {'max_depth': 10, 'min_samples_leaf': 1, 'min_samples_split': 2, 'n_estimators': 300}
Mean F1 Score: 0.12375899902543304
Mean Precision: 0.12375899902543304
Mean Recall: 0.12375899902543304
Mean Hamming Loss: -0.8762410009745669
Parameters: {'max_depth': 10, 'min_samples_leaf': 1, 'min_samples_split': 5, 'n_estimators': 100}
Mean F1 Score: 0.14185136282184288
Mean Precision: 0.14185136282184288
Mean Recall: 0.14185136282184288
Mean Hamming Loss: -0.8581486371781571
Parameters: {'max_depth': 10, 'min_samples_leaf': 1, 'min_samples_split': 5, 'n_estimators': 200}
Mean F1 Score: 0.13678833034675722
Mean Precision: 0.13678833034675722
Mean Recall: 0.13678833034675722
Mean Hamming Loss: -0.8632116696532428
Parameters: {'max_depth': 10, 'min_samples_leaf': 1, 'min_samples_split': 5, 'n_estimators': 300}
Mean F1 Score: 0.13751139614574492
Mean Precision: 0.13751139614574492
Mean Recall: 0.13751139614574492
Mean Hamming Loss: -0.8624886038542551
Parameters: {'max_depth': 10, 'min_samples_leaf': 1, 'min_samples_split': 10, 'n_estimators': 100}
Mean F1 Score: 0.16933886635857776
Mean Precision: 0.16933886635857776
Mean Recall: 0.16933886635857776
Mean Hamming Loss: -0.8306611336414221
Parameters: {'max_depth': 10, 'min_samples_leaf': 1, 'min_samples_split': 10, 'n_estimators': 200}
Mean F1 Score: 0.17441447389103715
Mean Precision: 0.17441447389103715
Mean Recall: 0.17441447389103715
Mean Hamming Loss: -0.8255855261089629
Parameters: {'max_depth': 10, 'min_samples_leaf': 1, 'min_samples_split': 10, 'n_estimators': 300}
Mean F1 Score: 0.17441290200886542
Mean Precision: 0.17441290200886542
Mean Recall: 0.17441290200886542
Mean Hamming Loss: -0.8255870979911345
Parameters: {'max_depth': 10, 'min_samples_leaf': 2, 'min_samples_split': 2, 'n_estimators': 100}
Mean F1 Score: 0.14908359269389168
Mean Precision: 0.14908359269389168
Mean Recall: 0.14908359269389168
Mean Hamming Loss: -0.8509164073061083
Parameters: {'max_depth': 10, 'min_samples_leaf': 2, 'min_samples_split': 2, 'n_estimators': 200}
Mean F1 Score: 0.14546669181678143
Mean Precision: 0.14546669181678143
Mean Recall: 0.14546669181678143
Mean Hamming Loss: -0.8545333081832186
Parameters: {'max_depth': 10, 'min_samples_leaf': 2, 'min_samples_split': 2, 'n_estimators': 300}
Mean F1 Score: 0.14040680310603917
Mean Precision: 0.14040680310603917
Mean Recall: 0.14040680310603917
Mean Hamming Loss: -0.8595931968939609
Parameters: {'max_depth': 10, 'min_samples_leaf': 2, 'min_samples_split': 5, 'n_estimators': 100}
Mean F1 Score: 0.14908202081171998
Mean Precision: 0.14908202081171998
Mean Recall: 0.14908202081171998
Mean Hamming Loss: -0.85091797918828
Parameters: {'max_depth': 10, 'min_samples_leaf': 2, 'min_samples_split': 5, 'n_estimators': 200}
Mean F1 Score: 0.144742054135622
Mean Precision: 0.144742054135622
Mean Recall: 0.144742054135622
Mean Hamming Loss: -0.855257945864378
Parameters: {'max_depth': 10, 'min_samples_leaf': 2, 'min_samples_split': 5, 'n_estimators': 300}
Mean F1 Score: 0.1432974944198183
Mean Precision: 0.1432974944198183
Mean Recall: 0.1432974944198183
Mean Hamming Loss: -0.8567025055801817
Parameters: {'max_depth': 10, 'min_samples_leaf': 2, 'min_samples_split': 10, 'n_estimators': 100}
Mean F1 Score: 0.17006193215756546
Mean Precision: 0.17006193215756546
Mean Recall: 0.17006193215756546
Mean Hamming Loss: -0.8299380678424345
Parameters: {'max_depth': 10, 'min_samples_leaf': 2, 'min_samples_split': 10, 'n_estimators': 200}
Mean F1 Score: 0.1686205162061052
Mean Precision: 0.1686205162061052
Mean Recall: 0.1686205162061052
Mean Hamming Loss: -0.8313794837938948
Parameters: {'max_depth': 10, 'min_samples_leaf': 2, 'min_samples_split': 10, 'n_estimators': 300}
Mean F1 Score: 0.17296362664654655
Mean Precision: 0.17296362664654655
Mean Recall: 0.17296362664654655
Mean Hamming Loss: -0.8270363733534535
Parameters: {'max_depth': 10, 'min_samples_leaf': 4, 'min_samples_split': 2, 'n_estimators': 100}
Mean F1 Score: 0.17874658115627653
Mean Precision: 0.17874658115627653
Mean Recall: 0.17874658115627653
Mean Hamming Loss: -0.8212534188437234
Parameters: {'max_depth': 10, 'min_samples_leaf': 4, 'min_samples_split': 2, 'n_estimators': 200}
Mean F1 Score: 0.1780235153572888
Mean Precision: 0.1780235153572888
Mean Recall: 0.1780235153572888
Mean Hamming Loss: -0.8219764846427111
Parameters: {'max_depth': 10, 'min_samples_leaf': 4, 'min_samples_split': 2, 'n_estimators': 300}
Mean F1 Score: 0.18309283536106133
Mean Precision: 0.18309283536106133
Mean Recall: 0.18309283536106133
Mean Hamming Loss: -0.8169071646389386
Parameters: {'max_depth': 10, 'min_samples_leaf': 4, 'min_samples_split': 5, 'n_estimators': 100}
Mean F1 Score: 0.17874658115627653
Mean Precision: 0.17874658115627653
Mean Recall: 0.17874658115627653
Mean Hamming Loss: -0.8212534188437234
Parameters: {'max_depth': 10, 'min_samples_leaf': 4, 'min_samples_split': 5, 'n_estimators': 200}
Mean F1 Score: 0.1780235153572888
Mean Precision: 0.1780235153572888
Mean Recall: 0.1780235153572888
Mean Hamming Loss: -0.8219764846427111
Parameters: {'max_depth': 10, 'min_samples_leaf': 4, 'min_samples_split': 5, 'n_estimators': 300}
Mean F1 Score: 0.18309283536106133
Mean Precision: 0.18309283536106133
Mean Recall: 0.18309283536106133
Mean Hamming Loss: -0.8169071646389386
Parameters: {'max_depth': 10, 'min_samples_leaf': 4, 'min_samples_split': 10, 'n_estimators': 100}
Mean F1 Score: 0.18815115218963185
Mean Precision: 0.18815115218963185
Mean Recall: 0.18815115218963185
Mean Hamming Loss: -0.8118488478103681
Parameters: {'max_depth': 10, 'min_samples_leaf': 4, 'min_samples_split': 10, 'n_estimators': 200}
Mean F1 Score: 0.18815115218963185
Mean Precision: 0.18815115218963185
Mean Recall: 0.18815115218963185
Mean Hamming Loss: -0.8118488478103681
Parameters: {'max_depth': 10, 'min_samples_leaf': 4, 'min_samples_split': 10, 'n_estimators': 300}
Mean F1 Score: 0.18960514319846586
Mean Precision: 0.18960514319846586
Mean Recall: 0.18960514319846586
Mean Hamming Loss: -0.8103948568015341
Parameters: {'max_depth': 15, 'min_samples_leaf': 1, 'min_samples_split': 2, 'n_estimators': 100}
Mean F1 Score: 0.12882674714703388
Mean Precision: 0.12882674714703388
Mean Recall: 0.12882674714703388
Mean Hamming Loss: -0.8711732528529662
Parameters: {'max_depth': 15, 'min_samples_leaf': 1, 'min_samples_split': 2, 'n_estimators': 200}
Mean F1 Score: 0.12882674714703388
Mean Precision: 0.12882674714703388
Mean Recall: 0.12882674714703388
Mean Hamming Loss: -0.8711732528529662
Parameters: {'max_depth': 15, 'min_samples_leaf': 1, 'min_samples_split': 2, 'n_estimators': 300}
Mean F1 Score: 0.1273790436668867
Mean Precision: 0.1273790436668867
Mean Recall: 0.1273790436668867
Mean Hamming Loss: -0.8726209563331132
Parameters: {'max_depth': 15, 'min_samples_leaf': 1, 'min_samples_split': 5, 'n_estimators': 100}
Mean F1 Score: 0.13606369266559779
Mean Precision: 0.13606369266559779
Mean Recall: 0.13606369266559779
Mean Hamming Loss: -0.8639363073344022
Parameters: {'max_depth': 15, 'min_samples_leaf': 1, 'min_samples_split': 5, 'n_estimators': 200}
Mean F1 Score: 0.13534062686661008
Mean Precision: 0.13534062686661008
Mean Recall: 0.13534062686661008
Mean Hamming Loss: -0.8646593731333899
Parameters: {'max_depth': 15, 'min_samples_leaf': 1, 'min_samples_split': 5, 'n_estimators': 300}
Mean F1 Score: 0.1353421987487818
Mean Precision: 0.1353421987487818
Mean Recall: 0.1353421987487818
Mean Hamming Loss: -0.8646578012512182
Parameters: {'max_depth': 15, 'min_samples_leaf': 1, 'min_samples_split': 10, 'n_estimators': 100}
Mean F1 Score: 0.17151749504857117
Mean Precision: 0.17151749504857117
Mean Recall: 0.17151749504857117
Mean Hamming Loss: -0.8284825049514288
Parameters: {'max_depth': 15, 'min_samples_leaf': 1, 'min_samples_split': 10, 'n_estimators': 200}
Mean F1 Score: 0.17079128548524003
Mean Precision: 0.17079128548524003
Mean Recall: 0.17079128548524003
Mean Hamming Loss: -0.8292087145147601
Parameters: {'max_depth': 15, 'min_samples_leaf': 1, 'min_samples_split': 10, 'n_estimators': 300}
Mean F1 Score: 0.16862523185262032
Mean Precision: 0.16862523185262032
Mean Recall: 0.16862523185262032
Mean Hamming Loss: -0.8313747681473797
Parameters: {'max_depth': 15, 'min_samples_leaf': 2, 'min_samples_split': 2, 'n_estimators': 100}
Mean F1 Score: 0.14112672514068345
Mean Precision: 0.14112672514068345
Mean Recall: 0.14112672514068345
Mean Hamming Loss: -0.8588732748593165
Parameters: {'max_depth': 15, 'min_samples_leaf': 2, 'min_samples_split': 2, 'n_estimators': 200}
Mean F1 Score: 0.13823446194473263
Mean Precision: 0.13823446194473263
Mean Recall: 0.13823446194473263
Mean Hamming Loss: -0.8617655380552675
Parameters: {'max_depth': 15, 'min_samples_leaf': 2, 'min_samples_split': 2, 'n_estimators': 300}
Mean F1 Score: 0.1375098242635732
Mean Precision: 0.1375098242635732
Mean Recall: 0.1375098242635732
Mean Hamming Loss: -0.8624901757364268
Parameters: {'max_depth': 15, 'min_samples_leaf': 2, 'min_samples_split': 5, 'n_estimators': 100}
Mean F1 Score: 0.14184821905749945
Mean Precision: 0.14184821905749945
Mean Recall: 0.14184821905749945
Mean Hamming Loss: -0.8581517809425007
Parameters: {'max_depth': 15, 'min_samples_leaf': 2, 'min_samples_split': 5, 'n_estimators': 200}
Mean F1 Score: 0.14185136282184288
Mean Precision: 0.14185136282184288
Mean Recall: 0.14185136282184288
Mean Hamming Loss: -0.8581486371781571
Parameters: {'max_depth': 15, 'min_samples_leaf': 2, 'min_samples_split': 5, 'n_estimators': 300}
Mean F1 Score: 0.13751139614574492
Mean Precision: 0.13751139614574492
Mean Recall: 0.13751139614574492
Mean Hamming Loss: -0.8624886038542551
Parameters: {'max_depth': 15, 'min_samples_leaf': 2, 'min_samples_split': 10, 'n_estimators': 100}
Mean F1 Score: 0.17151592316639944
Mean Precision: 0.17151592316639944
Mean Recall: 0.17151592316639944
Mean Hamming Loss: -0.8284840768336007
Parameters: {'max_depth': 15, 'min_samples_leaf': 2, 'min_samples_split': 10, 'n_estimators': 200}
Mean F1 Score: 0.16717595649030148
Mean Precision: 0.16717595649030148
Mean Recall: 0.16717595649030148
Mean Hamming Loss: -0.8328240435096985
Parameters: {'max_depth': 15, 'min_samples_leaf': 2, 'min_samples_split': 10, 'n_estimators': 300}
Mean F1 Score: 0.16862523185262032
Mean Precision: 0.16862523185262032
Mean Recall: 0.16862523185262032
Mean Hamming Loss: -0.8313747681473797
Parameters: {'max_depth': 15, 'min_samples_leaf': 4, 'min_samples_split': 2, 'n_estimators': 100}
Mean F1 Score: 0.18163727247005565
Mean Precision: 0.18163727247005565
Mean Recall: 0.18163727247005565
Mean Hamming Loss: -0.8183627275299443
Parameters: {'max_depth': 15, 'min_samples_leaf': 4, 'min_samples_split': 2, 'n_estimators': 200}
Mean F1 Score: 0.17947279071960767
Mean Precision: 0.17947279071960764
Mean Recall: 0.17947279071960764
Mean Hamming Loss: -0.8205272092803924
Parameters: {'max_depth': 15, 'min_samples_leaf': 4, 'min_samples_split': 2, 'n_estimators': 300}
Mean F1 Score: 0.1809236379640982
Mean Precision: 0.1809236379640982
Mean Recall: 0.1809236379640982
Mean Hamming Loss: -0.8190763620359017
Parameters: {'max_depth': 15, 'min_samples_leaf': 4, 'min_samples_split': 5, 'n_estimators': 100}
Mean F1 Score: 0.18163727247005565
Mean Precision: 0.18163727247005565
Mean Recall: 0.18163727247005565
Mean Hamming Loss: -0.8183627275299443
Parameters: {'max_depth': 15, 'min_samples_leaf': 4, 'min_samples_split': 5, 'n_estimators': 200}
Mean F1 Score: 0.17947279071960767
Mean Precision: 0.17947279071960764
Mean Recall: 0.17947279071960764
Mean Hamming Loss: -0.8205272092803924
Parameters: {'max_depth': 15, 'min_samples_leaf': 4, 'min_samples_split': 5, 'n_estimators': 300}
Mean F1 Score: 0.1809236379640982
Mean Precision: 0.1809236379640982
Mean Recall: 0.1809236379640982
Mean Hamming Loss: -0.8190763620359017
Parameters: {'max_depth': 15, 'min_samples_leaf': 4, 'min_samples_split': 10, 'n_estimators': 100}
Mean F1 Score: 0.18888522116382156
Mean Precision: 0.18888522116382156
Mean Recall: 0.18888522116382156
Mean Hamming Loss: -0.8111147788361784
Parameters: {'max_depth': 15, 'min_samples_leaf': 4, 'min_samples_split': 10, 'n_estimators': 200}
Mean F1 Score: 0.18743594580150272
Mean Precision: 0.18743594580150272
Mean Recall: 0.18743594580150272
Mean Hamming Loss: -0.8125640541984973
Parameters: {'max_depth': 15, 'min_samples_leaf': 4, 'min_samples_split': 10, 'n_estimators': 300}
Mean F1 Score: 0.18454053884120847
Mean Precision: 0.18454053884120847
Mean Recall: 0.18454053884120847
Mean Hamming Loss: -0.8154594611587916
Best Parameters:
{'max_depth': 2, 'min_samples_leaf': 1, 'min_samples_split': 2, 'n_estimators': 100}
Best Score:
0.3039202741362507