Parameter Grid:
{'C': [0.1, 1, 10], 'kernel': ['linear', 'rbf'], 'gamma': [0.1, 1, 10]}

CV Results:
Parameters: {'C': 0.1, 'gamma': 0.1, 'kernel': 'linear'}
Mean F1 Score: 0.2952466283127417
Mean Precision: 0.2952466283127417
Mean Recall: 0.2952466283127417
Mean Hamming Loss: -0.7047533716872584
Parameters: {'C': 0.1, 'gamma': 0.1, 'kernel': 'rbf'}
Mean F1 Score: 0.25687541261907004
Mean Precision: 0.25687541261907004
Mean Recall: 0.25687541261907004
Mean Hamming Loss: -0.7431245873809299
Parameters: {'C': 0.1, 'gamma': 1, 'kernel': 'linear'}
Mean F1 Score: 0.2952466283127417
Mean Precision: 0.2952466283127417
Mean Recall: 0.2952466283127417
Mean Hamming Loss: -0.7047533716872584
Parameters: {'C': 0.1, 'gamma': 1, 'kernel': 'rbf'}
Mean F1 Score: 0.25687541261907004
Mean Precision: 0.25687541261907004
Mean Recall: 0.25687541261907004
Mean Hamming Loss: -0.7431245873809299
Parameters: {'C': 0.1, 'gamma': 10, 'kernel': 'linear'}
Mean F1 Score: 0.2952466283127417
Mean Precision: 0.2952466283127417
Mean Recall: 0.2952466283127417
Mean Hamming Loss: -0.7047533716872584
Parameters: {'C': 0.1, 'gamma': 10, 'kernel': 'rbf'}
Mean F1 Score: 0.25687541261907004
Mean Precision: 0.25687541261907004
Mean Recall: 0.25687541261907004
Mean Hamming Loss: -0.7431245873809299
Parameters: {'C': 1, 'gamma': 0.1, 'kernel': 'linear'}
Mean F1 Score: 0.31913294979408346
Mean Precision: 0.31913294979408346
Mean Recall: 0.31913294979408346
Mean Hamming Loss: -0.6808670502059165
Parameters: {'C': 1, 'gamma': 0.1, 'kernel': 'rbf'}
Mean F1 Score: 0.27859882423213556
Mean Precision: 0.27859882423213556
Mean Recall: 0.27859882423213556
Mean Hamming Loss: -0.7214011757678644
Parameters: {'C': 1, 'gamma': 1, 'kernel': 'linear'}
Mean F1 Score: 0.31913294979408346
Mean Precision: 0.31913294979408346
Mean Recall: 0.31913294979408346
Mean Hamming Loss: -0.6808670502059165
Parameters: {'C': 1, 'gamma': 1, 'kernel': 'rbf'}
Mean F1 Score: 0.12810210946587444
Mean Precision: 0.12810210946587444
Mean Recall: 0.12810210946587444
Mean Hamming Loss: -0.8718978905341256
Parameters: {'C': 1, 'gamma': 10, 'kernel': 'linear'}
Mean F1 Score: 0.31913294979408346
Mean Precision: 0.31913294979408346
Mean Recall: 0.31913294979408346
Mean Hamming Loss: -0.6808670502059165
Parameters: {'C': 1, 'gamma': 10, 'kernel': 'rbf'}
Mean F1 Score: 0.050646043572573796
Mean Precision: 0.050646043572573796
Mean Recall: 0.050646043572573796
Mean Hamming Loss: -0.9493539564274261
Parameters: {'C': 10, 'gamma': 0.1, 'kernel': 'linear'}
Mean F1 Score: 0.3162359709516175
Mean Precision: 0.31623597095161743
Mean Recall: 0.31623597095161743
Mean Hamming Loss: -0.6837640290483825
Parameters: {'C': 10, 'gamma': 0.1, 'kernel': 'rbf'}
Mean F1 Score: 0.20407117482473514
Mean Precision: 0.20407117482473514
Mean Recall: 0.20407117482473514
Mean Hamming Loss: -0.795928825175265
Parameters: {'C': 10, 'gamma': 1, 'kernel': 'linear'}
Mean F1 Score: 0.3162359709516175
Mean Precision: 0.31623597095161743
Mean Recall: 0.31623597095161743
Mean Hamming Loss: -0.6837640290483825
Parameters: {'C': 10, 'gamma': 1, 'kernel': 'rbf'}
Mean F1 Score: 0.12810210946587444
Mean Precision: 0.12810210946587444
Mean Recall: 0.12810210946587444
Mean Hamming Loss: -0.8718978905341256
Parameters: {'C': 10, 'gamma': 10, 'kernel': 'linear'}
Mean F1 Score: 0.3162359709516175
Mean Precision: 0.31623597095161743
Mean Recall: 0.31623597095161743
Mean Hamming Loss: -0.6837640290483825
Parameters: {'C': 10, 'gamma': 10, 'kernel': 'rbf'}
Mean F1 Score: 0.050646043572573796
Mean Precision: 0.050646043572573796
Mean Recall: 0.050646043572573796
Mean Hamming Loss: -0.9493539564274261
Best Parameters:
{'C': 1, 'gamma': 0.1, 'kernel': 'linear'}
Best Score:
0.31913294979408346