Parameter Grid:
{'n_estimators': [100, 200, 300], 'max_depth': [2, 10, 15], 'min_samples_split': [2, 5, 10], 'min_samples_leaf': [1, 2, 4]}

CV Results:
Parameters: {'max_depth': 2, 'min_samples_leaf': 1, 'min_samples_split': 2, 'n_estimators': 100}
Mean Recall_macro Score: 0.27923400596542314
Parameters: {'max_depth': 2, 'min_samples_leaf': 1, 'min_samples_split': 2, 'n_estimators': 200}
Mean Recall_macro Score: 0.2812757843866914
Parameters: {'max_depth': 2, 'min_samples_leaf': 1, 'min_samples_split': 2, 'n_estimators': 300}
Mean Recall_macro Score: 0.27852023317981284
Parameters: {'max_depth': 2, 'min_samples_leaf': 1, 'min_samples_split': 5, 'n_estimators': 100}
Mean Recall_macro Score: 0.27923400596542314
Parameters: {'max_depth': 2, 'min_samples_leaf': 1, 'min_samples_split': 5, 'n_estimators': 200}
Mean Recall_macro Score: 0.2812757843866914
Parameters: {'max_depth': 2, 'min_samples_leaf': 1, 'min_samples_split': 5, 'n_estimators': 300}
Mean Recall_macro Score: 0.27852023317981284
Parameters: {'max_depth': 2, 'min_samples_leaf': 1, 'min_samples_split': 10, 'n_estimators': 100}
Mean Recall_macro Score: 0.27923400596542314
Parameters: {'max_depth': 2, 'min_samples_leaf': 1, 'min_samples_split': 10, 'n_estimators': 200}
Mean Recall_macro Score: 0.2812757843866914
Parameters: {'max_depth': 2, 'min_samples_leaf': 1, 'min_samples_split': 10, 'n_estimators': 300}
Mean Recall_macro Score: 0.27852023317981284
Parameters: {'max_depth': 2, 'min_samples_leaf': 2, 'min_samples_split': 2, 'n_estimators': 100}
Mean Recall_macro Score: 0.27923400596542314
Parameters: {'max_depth': 2, 'min_samples_leaf': 2, 'min_samples_split': 2, 'n_estimators': 200}
Mean Recall_macro Score: 0.2812757843866914
Parameters: {'max_depth': 2, 'min_samples_leaf': 2, 'min_samples_split': 2, 'n_estimators': 300}
Mean Recall_macro Score: 0.27852023317981284
Parameters: {'max_depth': 2, 'min_samples_leaf': 2, 'min_samples_split': 5, 'n_estimators': 100}
Mean Recall_macro Score: 0.27923400596542314
Parameters: {'max_depth': 2, 'min_samples_leaf': 2, 'min_samples_split': 5, 'n_estimators': 200}
Mean Recall_macro Score: 0.2812757843866914
Parameters: {'max_depth': 2, 'min_samples_leaf': 2, 'min_samples_split': 5, 'n_estimators': 300}
Mean Recall_macro Score: 0.27852023317981284
Parameters: {'max_depth': 2, 'min_samples_leaf': 2, 'min_samples_split': 10, 'n_estimators': 100}
Mean Recall_macro Score: 0.27923400596542314
Parameters: {'max_depth': 2, 'min_samples_leaf': 2, 'min_samples_split': 10, 'n_estimators': 200}
Mean Recall_macro Score: 0.2812757843866914
Parameters: {'max_depth': 2, 'min_samples_leaf': 2, 'min_samples_split': 10, 'n_estimators': 300}
Mean Recall_macro Score: 0.27852023317981284
Parameters: {'max_depth': 2, 'min_samples_leaf': 4, 'min_samples_split': 2, 'n_estimators': 100}
Mean Recall_macro Score: 0.27923400596542314
Parameters: {'max_depth': 2, 'min_samples_leaf': 4, 'min_samples_split': 2, 'n_estimators': 200}
Mean Recall_macro Score: 0.2812757843866914
Parameters: {'max_depth': 2, 'min_samples_leaf': 4, 'min_samples_split': 2, 'n_estimators': 300}
Mean Recall_macro Score: 0.27852023317981284
Parameters: {'max_depth': 2, 'min_samples_leaf': 4, 'min_samples_split': 5, 'n_estimators': 100}
Mean Recall_macro Score: 0.27923400596542314
Parameters: {'max_depth': 2, 'min_samples_leaf': 4, 'min_samples_split': 5, 'n_estimators': 200}
Mean Recall_macro Score: 0.2812757843866914
Parameters: {'max_depth': 2, 'min_samples_leaf': 4, 'min_samples_split': 5, 'n_estimators': 300}
Mean Recall_macro Score: 0.27852023317981284
Parameters: {'max_depth': 2, 'min_samples_leaf': 4, 'min_samples_split': 10, 'n_estimators': 100}
Mean Recall_macro Score: 0.27923400596542314
Parameters: {'max_depth': 2, 'min_samples_leaf': 4, 'min_samples_split': 10, 'n_estimators': 200}
Mean Recall_macro Score: 0.2812757843866914
Parameters: {'max_depth': 2, 'min_samples_leaf': 4, 'min_samples_split': 10, 'n_estimators': 300}
Mean Recall_macro Score: 0.27852023317981284
Parameters: {'max_depth': 10, 'min_samples_leaf': 1, 'min_samples_split': 2, 'n_estimators': 100}
Mean Recall_macro Score: 0.129418976887606
Parameters: {'max_depth': 10, 'min_samples_leaf': 1, 'min_samples_split': 2, 'n_estimators': 200}
Mean Recall_macro Score: 0.1325177574108338
Parameters: {'max_depth': 10, 'min_samples_leaf': 1, 'min_samples_split': 2, 'n_estimators': 300}
Mean Recall_macro Score: 0.13096943530202335
Parameters: {'max_depth': 10, 'min_samples_leaf': 1, 'min_samples_split': 5, 'n_estimators': 100}
Mean Recall_macro Score: 0.13763078382743146
Parameters: {'max_depth': 10, 'min_samples_leaf': 1, 'min_samples_split': 5, 'n_estimators': 200}
Mean Recall_macro Score: 0.1415256663504219
Parameters: {'max_depth': 10, 'min_samples_leaf': 1, 'min_samples_split': 5, 'n_estimators': 300}
Mean Recall_macro Score: 0.13841899534623292
Parameters: {'max_depth': 10, 'min_samples_leaf': 1, 'min_samples_split': 10, 'n_estimators': 100}
Mean Recall_macro Score: 0.1715600676051953
Parameters: {'max_depth': 10, 'min_samples_leaf': 1, 'min_samples_split': 10, 'n_estimators': 200}
Mean Recall_macro Score: 0.1729257479461681
Parameters: {'max_depth': 10, 'min_samples_leaf': 1, 'min_samples_split': 10, 'n_estimators': 300}
Mean Recall_macro Score: 0.16756334281480714
Parameters: {'max_depth': 10, 'min_samples_leaf': 2, 'min_samples_split': 2, 'n_estimators': 100}
Mean Recall_macro Score: 0.14650860737145435
Parameters: {'max_depth': 10, 'min_samples_leaf': 2, 'min_samples_split': 2, 'n_estimators': 200}
Mean Recall_macro Score: 0.14036005216261607
Parameters: {'max_depth': 10, 'min_samples_leaf': 2, 'min_samples_split': 2, 'n_estimators': 300}
Mean Recall_macro Score: 0.14107259016852527
Parameters: {'max_depth': 10, 'min_samples_leaf': 2, 'min_samples_split': 5, 'n_estimators': 100}
Mean Recall_macro Score: 0.14183366243867201
Parameters: {'max_depth': 10, 'min_samples_leaf': 2, 'min_samples_split': 5, 'n_estimators': 200}
Mean Recall_macro Score: 0.143871691004256
Parameters: {'max_depth': 10, 'min_samples_leaf': 2, 'min_samples_split': 5, 'n_estimators': 300}
Mean Recall_macro Score: 0.13939929816467625
Parameters: {'max_depth': 10, 'min_samples_leaf': 2, 'min_samples_split': 10, 'n_estimators': 100}
Mean Recall_macro Score: 0.17303411655130874
Parameters: {'max_depth': 10, 'min_samples_leaf': 2, 'min_samples_split': 10, 'n_estimators': 200}
Mean Recall_macro Score: 0.16748693196277528
Parameters: {'max_depth': 10, 'min_samples_leaf': 2, 'min_samples_split': 10, 'n_estimators': 300}
Mean Recall_macro Score: 0.16920580487661643
Parameters: {'max_depth': 10, 'min_samples_leaf': 4, 'min_samples_split': 2, 'n_estimators': 100}
Mean Recall_macro Score: 0.1758638188935188
Parameters: {'max_depth': 10, 'min_samples_leaf': 4, 'min_samples_split': 2, 'n_estimators': 200}
Mean Recall_macro Score: 0.17741843418506256
Parameters: {'max_depth': 10, 'min_samples_leaf': 4, 'min_samples_split': 2, 'n_estimators': 300}
Mean Recall_macro Score: 0.17899725208666442
Parameters: {'max_depth': 10, 'min_samples_leaf': 4, 'min_samples_split': 5, 'n_estimators': 100}
Mean Recall_macro Score: 0.1758638188935188
Parameters: {'max_depth': 10, 'min_samples_leaf': 4, 'min_samples_split': 5, 'n_estimators': 200}
Mean Recall_macro Score: 0.17741843418506256
Parameters: {'max_depth': 10, 'min_samples_leaf': 4, 'min_samples_split': 5, 'n_estimators': 300}
Mean Recall_macro Score: 0.17899725208666442
Parameters: {'max_depth': 10, 'min_samples_leaf': 4, 'min_samples_split': 10, 'n_estimators': 100}
Mean Recall_macro Score: 0.18139622443191328
Parameters: {'max_depth': 10, 'min_samples_leaf': 4, 'min_samples_split': 10, 'n_estimators': 200}
Mean Recall_macro Score: 0.1789077343793081
Parameters: {'max_depth': 10, 'min_samples_leaf': 4, 'min_samples_split': 10, 'n_estimators': 300}
Mean Recall_macro Score: 0.18051830240866948
Parameters: {'max_depth': 15, 'min_samples_leaf': 1, 'min_samples_split': 2, 'n_estimators': 100}
Mean Recall_macro Score: 0.12958027234164649
Parameters: {'max_depth': 15, 'min_samples_leaf': 1, 'min_samples_split': 2, 'n_estimators': 200}
Mean Recall_macro Score: 0.13028326973971474
Parameters: {'max_depth': 15, 'min_samples_leaf': 1, 'min_samples_split': 2, 'n_estimators': 300}
Mean Recall_macro Score: 0.13087550297437384
Parameters: {'max_depth': 15, 'min_samples_leaf': 1, 'min_samples_split': 5, 'n_estimators': 100}
Mean Recall_macro Score: 0.13672762095496702
Parameters: {'max_depth': 15, 'min_samples_leaf': 1, 'min_samples_split': 5, 'n_estimators': 200}
Mean Recall_macro Score: 0.13885147515079435
Parameters: {'max_depth': 15, 'min_samples_leaf': 1, 'min_samples_split': 5, 'n_estimators': 300}
Mean Recall_macro Score: 0.13724884048054017
Parameters: {'max_depth': 15, 'min_samples_leaf': 1, 'min_samples_split': 10, 'n_estimators': 100}
Mean Recall_macro Score: 0.17375896173646987
Parameters: {'max_depth': 15, 'min_samples_leaf': 1, 'min_samples_split': 10, 'n_estimators': 200}
Mean Recall_macro Score: 0.1683577724614472
Parameters: {'max_depth': 15, 'min_samples_leaf': 1, 'min_samples_split': 10, 'n_estimators': 300}
Mean Recall_macro Score: 0.16837405443036
Parameters: {'max_depth': 15, 'min_samples_leaf': 2, 'min_samples_split': 2, 'n_estimators': 100}
Mean Recall_macro Score: 0.1379409940434018
Parameters: {'max_depth': 15, 'min_samples_leaf': 2, 'min_samples_split': 2, 'n_estimators': 200}
Mean Recall_macro Score: 0.13870114011357706
Parameters: {'max_depth': 15, 'min_samples_leaf': 2, 'min_samples_split': 2, 'n_estimators': 300}
Mean Recall_macro Score: 0.13948161383781335
Parameters: {'max_depth': 15, 'min_samples_leaf': 2, 'min_samples_split': 5, 'n_estimators': 100}
Mean Recall_macro Score: 0.14877088128090452
Parameters: {'max_depth': 15, 'min_samples_leaf': 2, 'min_samples_split': 5, 'n_estimators': 200}
Mean Recall_macro Score: 0.13946606319378843
Parameters: {'max_depth': 15, 'min_samples_leaf': 2, 'min_samples_split': 5, 'n_estimators': 300}
Mean Recall_macro Score: 0.14023157092674335
Parameters: {'max_depth': 15, 'min_samples_leaf': 2, 'min_samples_split': 10, 'n_estimators': 100}
Mean Recall_macro Score: 0.17008514874948766
Parameters: {'max_depth': 15, 'min_samples_leaf': 2, 'min_samples_split': 10, 'n_estimators': 200}
Mean Recall_macro Score: 0.1706205406045214
Parameters: {'max_depth': 15, 'min_samples_leaf': 2, 'min_samples_split': 10, 'n_estimators': 300}
Mean Recall_macro Score: 0.16909433762881398
Parameters: {'max_depth': 15, 'min_samples_leaf': 4, 'min_samples_split': 2, 'n_estimators': 100}
Mean Recall_macro Score: 0.17296309682797106
Parameters: {'max_depth': 15, 'min_samples_leaf': 4, 'min_samples_split': 2, 'n_estimators': 200}
Mean Recall_macro Score: 0.17291580345416635
Parameters: {'max_depth': 15, 'min_samples_leaf': 4, 'min_samples_split': 2, 'n_estimators': 300}
Mean Recall_macro Score: 0.17441674114543926
Parameters: {'max_depth': 15, 'min_samples_leaf': 4, 'min_samples_split': 5, 'n_estimators': 100}
Mean Recall_macro Score: 0.17296309682797106
Parameters: {'max_depth': 15, 'min_samples_leaf': 4, 'min_samples_split': 5, 'n_estimators': 200}
Mean Recall_macro Score: 0.17291580345416635
Parameters: {'max_depth': 15, 'min_samples_leaf': 4, 'min_samples_split': 5, 'n_estimators': 300}
Mean Recall_macro Score: 0.17441674114543926
Parameters: {'max_depth': 15, 'min_samples_leaf': 4, 'min_samples_split': 10, 'n_estimators': 100}
Mean Recall_macro Score: 0.1812672148659782
Parameters: {'max_depth': 15, 'min_samples_leaf': 4, 'min_samples_split': 10, 'n_estimators': 200}
Mean Recall_macro Score: 0.1797029650857486
Parameters: {'max_depth': 15, 'min_samples_leaf': 4, 'min_samples_split': 10, 'n_estimators': 300}
Mean Recall_macro Score: 0.18463868250019275
Best Parameters:
{'max_depth': 2, 'min_samples_leaf': 1, 'min_samples_split': 2, 'n_estimators': 200}
Best Score:
0.2812757843866914