Parameter Grid:
{'C': [0.1, 1, 10], 'kernel': ['linear', 'rbf'], 'gamma': [0.1, 1, 10]}

CV Results:
Parameters: {'C': 0.1, 'gamma': 0.1, 'kernel': 'linear'}
Mean F1 Score: 0.2947530864197531
Mean Precision: 0.2947530864197531
Mean Recall: 0.2947530864197531
Mean Hamming Loss: -0.7052469135802469
Parameters: {'C': 0.1, 'gamma': 0.1, 'kernel': 'rbf'}
Mean F1 Score: 0.25540123456790126
Mean Precision: 0.25540123456790126
Mean Recall: 0.25540123456790126
Mean Hamming Loss: -0.7445987654320988
Parameters: {'C': 0.1, 'gamma': 1, 'kernel': 'linear'}
Mean F1 Score: 0.2947530864197531
Mean Precision: 0.2947530864197531
Mean Recall: 0.2947530864197531
Mean Hamming Loss: -0.7052469135802469
Parameters: {'C': 0.1, 'gamma': 1, 'kernel': 'rbf'}
Mean F1 Score: 0.2561728395061728
Mean Precision: 0.2561728395061728
Mean Recall: 0.2561728395061728
Mean Hamming Loss: -0.7438271604938271
Parameters: {'C': 0.1, 'gamma': 10, 'kernel': 'linear'}
Mean F1 Score: 0.2947530864197531
Mean Precision: 0.2947530864197531
Mean Recall: 0.2947530864197531
Mean Hamming Loss: -0.7052469135802469
Parameters: {'C': 0.1, 'gamma': 10, 'kernel': 'rbf'}
Mean F1 Score: 0.2561728395061728
Mean Precision: 0.2561728395061728
Mean Recall: 0.2561728395061728
Mean Hamming Loss: -0.7438271604938271
Parameters: {'C': 1, 'gamma': 0.1, 'kernel': 'linear'}
Mean F1 Score: 0.31095679012345673
Mean Precision: 0.3109567901234568
Mean Recall: 0.3109567901234568
Mean Hamming Loss: -0.6890432098765432
Parameters: {'C': 1, 'gamma': 0.1, 'kernel': 'rbf'}
Mean F1 Score: 0.29398148148148145
Mean Precision: 0.29398148148148145
Mean Recall: 0.29398148148148145
Mean Hamming Loss: -0.7060185185185185
Parameters: {'C': 1, 'gamma': 1, 'kernel': 'linear'}
Mean F1 Score: 0.31095679012345673
Mean Precision: 0.3109567901234568
Mean Recall: 0.3109567901234568
Mean Hamming Loss: -0.6890432098765432
Parameters: {'C': 1, 'gamma': 1, 'kernel': 'rbf'}
Mean F1 Score: 0.1396604938271605
Mean Precision: 0.1396604938271605
Mean Recall: 0.1396604938271605
Mean Hamming Loss: -0.8603395061728395
Parameters: {'C': 1, 'gamma': 10, 'kernel': 'linear'}
Mean F1 Score: 0.31095679012345673
Mean Precision: 0.3109567901234568
Mean Recall: 0.3109567901234568
Mean Hamming Loss: -0.6890432098765432
Parameters: {'C': 1, 'gamma': 10, 'kernel': 'rbf'}
Mean F1 Score: 0.059413580246913573
Mean Precision: 0.059413580246913573
Mean Recall: 0.059413580246913573
Mean Hamming Loss: -0.9405864197530865
Parameters: {'C': 10, 'gamma': 0.1, 'kernel': 'linear'}
Mean F1 Score: 0.31635802469135804
Mean Precision: 0.31635802469135804
Mean Recall: 0.31635802469135804
Mean Hamming Loss: -0.683641975308642
Parameters: {'C': 10, 'gamma': 0.1, 'kernel': 'rbf'}
Mean F1 Score: 0.22222222222222224
Mean Precision: 0.2222222222222222
Mean Recall: 0.2222222222222222
Mean Hamming Loss: -0.7777777777777777
Parameters: {'C': 10, 'gamma': 1, 'kernel': 'linear'}
Mean F1 Score: 0.31635802469135804
Mean Precision: 0.31635802469135804
Mean Recall: 0.31635802469135804
Mean Hamming Loss: -0.683641975308642
Parameters: {'C': 10, 'gamma': 1, 'kernel': 'rbf'}
Mean F1 Score: 0.14043209876543208
Mean Precision: 0.14043209876543208
Mean Recall: 0.14043209876543208
Mean Hamming Loss: -0.8595679012345679
Parameters: {'C': 10, 'gamma': 10, 'kernel': 'linear'}
Mean F1 Score: 0.31635802469135804
Mean Precision: 0.31635802469135804
Mean Recall: 0.31635802469135804
Mean Hamming Loss: -0.683641975308642
Parameters: {'C': 10, 'gamma': 10, 'kernel': 'rbf'}
Mean F1 Score: 0.059413580246913573
Mean Precision: 0.059413580246913573
Mean Recall: 0.059413580246913573
Mean Hamming Loss: -0.9405864197530865
Best Parameters:
{'C': 10, 'gamma': 0.1, 'kernel': 'linear'}
Best Score:
0.31635802469135804