Parameter Grid:
{'n_estimators': [100, 200, 300], 'max_depth': [2, 10, 15], 'min_samples_split': [2, 5, 10], 'min_samples_leaf': [1, 2, 4]}

CV Results:
Parameters: {'max_depth': 2, 'min_samples_leaf': 1, 'min_samples_split': 2, 'n_estimators': 100}
Mean Recall_macro Score: 0.31248204339979613
Parameters: {'max_depth': 2, 'min_samples_leaf': 1, 'min_samples_split': 2, 'n_estimators': 200}
Mean Recall_macro Score: 0.30796429721538326
Parameters: {'max_depth': 2, 'min_samples_leaf': 1, 'min_samples_split': 2, 'n_estimators': 300}
Mean Recall_macro Score: 0.30790121608182286
Parameters: {'max_depth': 2, 'min_samples_leaf': 1, 'min_samples_split': 5, 'n_estimators': 100}
Mean Recall_macro Score: 0.31248204339979613
Parameters: {'max_depth': 2, 'min_samples_leaf': 1, 'min_samples_split': 5, 'n_estimators': 200}
Mean Recall_macro Score: 0.30796429721538326
Parameters: {'max_depth': 2, 'min_samples_leaf': 1, 'min_samples_split': 5, 'n_estimators': 300}
Mean Recall_macro Score: 0.30790121608182286
Parameters: {'max_depth': 2, 'min_samples_leaf': 1, 'min_samples_split': 10, 'n_estimators': 100}
Mean Recall_macro Score: 0.31248204339979613
Parameters: {'max_depth': 2, 'min_samples_leaf': 1, 'min_samples_split': 10, 'n_estimators': 200}
Mean Recall_macro Score: 0.30796429721538326
Parameters: {'max_depth': 2, 'min_samples_leaf': 1, 'min_samples_split': 10, 'n_estimators': 300}
Mean Recall_macro Score: 0.30790121608182286
Parameters: {'max_depth': 2, 'min_samples_leaf': 2, 'min_samples_split': 2, 'n_estimators': 100}
Mean Recall_macro Score: 0.31248204339979613
Parameters: {'max_depth': 2, 'min_samples_leaf': 2, 'min_samples_split': 2, 'n_estimators': 200}
Mean Recall_macro Score: 0.30796429721538326
Parameters: {'max_depth': 2, 'min_samples_leaf': 2, 'min_samples_split': 2, 'n_estimators': 300}
Mean Recall_macro Score: 0.30790121608182286
Parameters: {'max_depth': 2, 'min_samples_leaf': 2, 'min_samples_split': 5, 'n_estimators': 100}
Mean Recall_macro Score: 0.31248204339979613
Parameters: {'max_depth': 2, 'min_samples_leaf': 2, 'min_samples_split': 5, 'n_estimators': 200}
Mean Recall_macro Score: 0.30796429721538326
Parameters: {'max_depth': 2, 'min_samples_leaf': 2, 'min_samples_split': 5, 'n_estimators': 300}
Mean Recall_macro Score: 0.30790121608182286
Parameters: {'max_depth': 2, 'min_samples_leaf': 2, 'min_samples_split': 10, 'n_estimators': 100}
Mean Recall_macro Score: 0.31248204339979613
Parameters: {'max_depth': 2, 'min_samples_leaf': 2, 'min_samples_split': 10, 'n_estimators': 200}
Mean Recall_macro Score: 0.30796429721538326
Parameters: {'max_depth': 2, 'min_samples_leaf': 2, 'min_samples_split': 10, 'n_estimators': 300}
Mean Recall_macro Score: 0.30790121608182286
Parameters: {'max_depth': 2, 'min_samples_leaf': 4, 'min_samples_split': 2, 'n_estimators': 100}
Mean Recall_macro Score: 0.31248204339979613
Parameters: {'max_depth': 2, 'min_samples_leaf': 4, 'min_samples_split': 2, 'n_estimators': 200}
Mean Recall_macro Score: 0.30796429721538326
Parameters: {'max_depth': 2, 'min_samples_leaf': 4, 'min_samples_split': 2, 'n_estimators': 300}
Mean Recall_macro Score: 0.30790121608182286
Parameters: {'max_depth': 2, 'min_samples_leaf': 4, 'min_samples_split': 5, 'n_estimators': 100}
Mean Recall_macro Score: 0.31248204339979613
Parameters: {'max_depth': 2, 'min_samples_leaf': 4, 'min_samples_split': 5, 'n_estimators': 200}
Mean Recall_macro Score: 0.30796429721538326
Parameters: {'max_depth': 2, 'min_samples_leaf': 4, 'min_samples_split': 5, 'n_estimators': 300}
Mean Recall_macro Score: 0.30790121608182286
Parameters: {'max_depth': 2, 'min_samples_leaf': 4, 'min_samples_split': 10, 'n_estimators': 100}
Mean Recall_macro Score: 0.31248204339979613
Parameters: {'max_depth': 2, 'min_samples_leaf': 4, 'min_samples_split': 10, 'n_estimators': 200}
Mean Recall_macro Score: 0.30796429721538326
Parameters: {'max_depth': 2, 'min_samples_leaf': 4, 'min_samples_split': 10, 'n_estimators': 300}
Mean Recall_macro Score: 0.30790121608182286
Parameters: {'max_depth': 10, 'min_samples_leaf': 1, 'min_samples_split': 2, 'n_estimators': 100}
Mean Recall_macro Score: 0.1408244888415442
Parameters: {'max_depth': 10, 'min_samples_leaf': 1, 'min_samples_split': 2, 'n_estimators': 200}
Mean Recall_macro Score: 0.14322858893295318
Parameters: {'max_depth': 10, 'min_samples_leaf': 1, 'min_samples_split': 2, 'n_estimators': 300}
Mean Recall_macro Score: 0.14229418299465316
Parameters: {'max_depth': 10, 'min_samples_leaf': 1, 'min_samples_split': 5, 'n_estimators': 100}
Mean Recall_macro Score: 0.15147289092725516
Parameters: {'max_depth': 10, 'min_samples_leaf': 1, 'min_samples_split': 5, 'n_estimators': 200}
Mean Recall_macro Score: 0.15076771207215775
Parameters: {'max_depth': 10, 'min_samples_leaf': 1, 'min_samples_split': 5, 'n_estimators': 300}
Mean Recall_macro Score: 0.15150963989741892
Parameters: {'max_depth': 10, 'min_samples_leaf': 1, 'min_samples_split': 10, 'n_estimators': 100}
Mean Recall_macro Score: 0.18784545549957535
Parameters: {'max_depth': 10, 'min_samples_leaf': 1, 'min_samples_split': 10, 'n_estimators': 200}
Mean Recall_macro Score: 0.18102961344658738
Parameters: {'max_depth': 10, 'min_samples_leaf': 1, 'min_samples_split': 10, 'n_estimators': 300}
Mean Recall_macro Score: 0.18248528202763822
Parameters: {'max_depth': 10, 'min_samples_leaf': 2, 'min_samples_split': 2, 'n_estimators': 100}
Mean Recall_macro Score: 0.15172592311836072
Parameters: {'max_depth': 10, 'min_samples_leaf': 2, 'min_samples_split': 2, 'n_estimators': 200}
Mean Recall_macro Score: 0.1554774250158871
Parameters: {'max_depth': 10, 'min_samples_leaf': 2, 'min_samples_split': 2, 'n_estimators': 300}
Mean Recall_macro Score: 0.1509190414703576
Parameters: {'max_depth': 10, 'min_samples_leaf': 2, 'min_samples_split': 5, 'n_estimators': 100}
Mean Recall_macro Score: 0.15472185065557267
Parameters: {'max_depth': 10, 'min_samples_leaf': 2, 'min_samples_split': 5, 'n_estimators': 200}
Mean Recall_macro Score: 0.15625064870577746
Parameters: {'max_depth': 10, 'min_samples_leaf': 2, 'min_samples_split': 5, 'n_estimators': 300}
Mean Recall_macro Score: 0.1546341770433628
Parameters: {'max_depth': 10, 'min_samples_leaf': 2, 'min_samples_split': 10, 'n_estimators': 100}
Mean Recall_macro Score: 0.18317719351472816
Parameters: {'max_depth': 10, 'min_samples_leaf': 2, 'min_samples_split': 10, 'n_estimators': 200}
Mean Recall_macro Score: 0.19019156617901936
Parameters: {'max_depth': 10, 'min_samples_leaf': 2, 'min_samples_split': 10, 'n_estimators': 300}
Mean Recall_macro Score: 0.18169333786420586
Parameters: {'max_depth': 10, 'min_samples_leaf': 4, 'min_samples_split': 2, 'n_estimators': 100}
Mean Recall_macro Score: 0.18023876168882458
Parameters: {'max_depth': 10, 'min_samples_leaf': 4, 'min_samples_split': 2, 'n_estimators': 200}
Mean Recall_macro Score: 0.18411963848636803
Parameters: {'max_depth': 10, 'min_samples_leaf': 4, 'min_samples_split': 2, 'n_estimators': 300}
Mean Recall_macro Score: 0.18478646100327203
Parameters: {'max_depth': 10, 'min_samples_leaf': 4, 'min_samples_split': 5, 'n_estimators': 100}
Mean Recall_macro Score: 0.18023876168882458
Parameters: {'max_depth': 10, 'min_samples_leaf': 4, 'min_samples_split': 5, 'n_estimators': 200}
Mean Recall_macro Score: 0.18411963848636803
Parameters: {'max_depth': 10, 'min_samples_leaf': 4, 'min_samples_split': 5, 'n_estimators': 300}
Mean Recall_macro Score: 0.18478646100327203
Parameters: {'max_depth': 10, 'min_samples_leaf': 4, 'min_samples_split': 10, 'n_estimators': 100}
Mean Recall_macro Score: 0.19554800135982794
Parameters: {'max_depth': 10, 'min_samples_leaf': 4, 'min_samples_split': 10, 'n_estimators': 200}
Mean Recall_macro Score: 0.19488178961924282
Parameters: {'max_depth': 10, 'min_samples_leaf': 4, 'min_samples_split': 10, 'n_estimators': 300}
Mean Recall_macro Score: 0.1955081107003854
Parameters: {'max_depth': 15, 'min_samples_leaf': 1, 'min_samples_split': 2, 'n_estimators': 100}
Mean Recall_macro Score: 0.14317953698008856
Parameters: {'max_depth': 15, 'min_samples_leaf': 1, 'min_samples_split': 2, 'n_estimators': 200}
Mean Recall_macro Score: 0.14308355540474918
Parameters: {'max_depth': 15, 'min_samples_leaf': 1, 'min_samples_split': 2, 'n_estimators': 300}
Mean Recall_macro Score: 0.14228240567018471
Parameters: {'max_depth': 15, 'min_samples_leaf': 1, 'min_samples_split': 5, 'n_estimators': 100}
Mean Recall_macro Score: 0.15322917207956077
Parameters: {'max_depth': 15, 'min_samples_leaf': 1, 'min_samples_split': 5, 'n_estimators': 200}
Mean Recall_macro Score: 0.15403070098117114
Parameters: {'max_depth': 15, 'min_samples_leaf': 1, 'min_samples_split': 5, 'n_estimators': 300}
Mean Recall_macro Score: 0.15316460451109912
Parameters: {'max_depth': 15, 'min_samples_leaf': 1, 'min_samples_split': 10, 'n_estimators': 100}
Mean Recall_macro Score: 0.18163423757574773
Parameters: {'max_depth': 15, 'min_samples_leaf': 1, 'min_samples_split': 10, 'n_estimators': 200}
Mean Recall_macro Score: 0.17795586514737535
Parameters: {'max_depth': 15, 'min_samples_leaf': 1, 'min_samples_split': 10, 'n_estimators': 300}
Mean Recall_macro Score: 0.18256451896863882
Parameters: {'max_depth': 15, 'min_samples_leaf': 2, 'min_samples_split': 2, 'n_estimators': 100}
Mean Recall_macro Score: 0.15855316762512597
Parameters: {'max_depth': 15, 'min_samples_leaf': 2, 'min_samples_split': 2, 'n_estimators': 200}
Mean Recall_macro Score: 0.1539517250649678
Parameters: {'max_depth': 15, 'min_samples_leaf': 2, 'min_samples_split': 2, 'n_estimators': 300}
Mean Recall_macro Score: 0.1523385976644501
Parameters: {'max_depth': 15, 'min_samples_leaf': 2, 'min_samples_split': 5, 'n_estimators': 100}
Mean Recall_macro Score: 0.15779547024670493
Parameters: {'max_depth': 15, 'min_samples_leaf': 2, 'min_samples_split': 5, 'n_estimators': 200}
Mean Recall_macro Score: 0.15845919466432343
Parameters: {'max_depth': 15, 'min_samples_leaf': 2, 'min_samples_split': 5, 'n_estimators': 300}
Mean Recall_macro Score: 0.15319202976788218
Parameters: {'max_depth': 15, 'min_samples_leaf': 2, 'min_samples_split': 10, 'n_estimators': 100}
Mean Recall_macro Score: 0.18542583618393157
Parameters: {'max_depth': 15, 'min_samples_leaf': 2, 'min_samples_split': 10, 'n_estimators': 200}
Mean Recall_macro Score: 0.18106339663418317
Parameters: {'max_depth': 15, 'min_samples_leaf': 2, 'min_samples_split': 10, 'n_estimators': 300}
Mean Recall_macro Score: 0.17947796689883488
Parameters: {'max_depth': 15, 'min_samples_leaf': 4, 'min_samples_split': 2, 'n_estimators': 100}
Mean Recall_macro Score: 0.1863228529602247
Parameters: {'max_depth': 15, 'min_samples_leaf': 4, 'min_samples_split': 2, 'n_estimators': 200}
Mean Recall_macro Score: 0.1816322503529554
Parameters: {'max_depth': 15, 'min_samples_leaf': 4, 'min_samples_split': 2, 'n_estimators': 300}
Mean Recall_macro Score: 0.18237605086739817
Parameters: {'max_depth': 15, 'min_samples_leaf': 4, 'min_samples_split': 5, 'n_estimators': 100}
Mean Recall_macro Score: 0.1863228529602247
Parameters: {'max_depth': 15, 'min_samples_leaf': 4, 'min_samples_split': 5, 'n_estimators': 200}
Mean Recall_macro Score: 0.1816322503529554
Parameters: {'max_depth': 15, 'min_samples_leaf': 4, 'min_samples_split': 5, 'n_estimators': 300}
Mean Recall_macro Score: 0.18237605086739817
Parameters: {'max_depth': 15, 'min_samples_leaf': 4, 'min_samples_split': 10, 'n_estimators': 100}
Mean Recall_macro Score: 0.19714882856852478
Parameters: {'max_depth': 15, 'min_samples_leaf': 4, 'min_samples_split': 10, 'n_estimators': 200}
Mean Recall_macro Score: 0.19417287247301682
Parameters: {'max_depth': 15, 'min_samples_leaf': 4, 'min_samples_split': 10, 'n_estimators': 300}
Mean Recall_macro Score: 0.19711626731243612
Best Parameters:
{'max_depth': 2, 'min_samples_leaf': 1, 'min_samples_split': 2, 'n_estimators': 100}
Best Score:
0.31248204339979613