Parameter Grid:
{'n_estimators': [100, 200, 300], 'max_depth': [2, 10, 15], 'min_samples_split': [2, 5, 10], 'min_samples_leaf': [1, 2, 4]}

CV Results:
Parameters: {'max_depth': 2, 'min_samples_leaf': 1, 'min_samples_split': 2, 'n_estimators': 100}
Mean Recall_macro Score: 0.28312510610304725
Parameters: {'max_depth': 2, 'min_samples_leaf': 1, 'min_samples_split': 2, 'n_estimators': 200}
Mean Recall_macro Score: 0.2831017634326458
Parameters: {'max_depth': 2, 'min_samples_leaf': 1, 'min_samples_split': 2, 'n_estimators': 300}
Mean Recall_macro Score: 0.28390018886342416
Parameters: {'max_depth': 2, 'min_samples_leaf': 1, 'min_samples_split': 5, 'n_estimators': 100}
Mean Recall_macro Score: 0.28312510610304725
Parameters: {'max_depth': 2, 'min_samples_leaf': 1, 'min_samples_split': 5, 'n_estimators': 200}
Mean Recall_macro Score: 0.2831017634326458
Parameters: {'max_depth': 2, 'min_samples_leaf': 1, 'min_samples_split': 5, 'n_estimators': 300}
Mean Recall_macro Score: 0.28390018886342416
Parameters: {'max_depth': 2, 'min_samples_leaf': 1, 'min_samples_split': 10, 'n_estimators': 100}
Mean Recall_macro Score: 0.28312510610304725
Parameters: {'max_depth': 2, 'min_samples_leaf': 1, 'min_samples_split': 10, 'n_estimators': 200}
Mean Recall_macro Score: 0.2831017634326458
Parameters: {'max_depth': 2, 'min_samples_leaf': 1, 'min_samples_split': 10, 'n_estimators': 300}
Mean Recall_macro Score: 0.28390018886342416
Parameters: {'max_depth': 2, 'min_samples_leaf': 2, 'min_samples_split': 2, 'n_estimators': 100}
Mean Recall_macro Score: 0.28312510610304725
Parameters: {'max_depth': 2, 'min_samples_leaf': 2, 'min_samples_split': 2, 'n_estimators': 200}
Mean Recall_macro Score: 0.2831017634326458
Parameters: {'max_depth': 2, 'min_samples_leaf': 2, 'min_samples_split': 2, 'n_estimators': 300}
Mean Recall_macro Score: 0.28390018886342416
Parameters: {'max_depth': 2, 'min_samples_leaf': 2, 'min_samples_split': 5, 'n_estimators': 100}
Mean Recall_macro Score: 0.28312510610304725
Parameters: {'max_depth': 2, 'min_samples_leaf': 2, 'min_samples_split': 5, 'n_estimators': 200}
Mean Recall_macro Score: 0.2831017634326458
Parameters: {'max_depth': 2, 'min_samples_leaf': 2, 'min_samples_split': 5, 'n_estimators': 300}
Mean Recall_macro Score: 0.28390018886342416
Parameters: {'max_depth': 2, 'min_samples_leaf': 2, 'min_samples_split': 10, 'n_estimators': 100}
Mean Recall_macro Score: 0.28312510610304725
Parameters: {'max_depth': 2, 'min_samples_leaf': 2, 'min_samples_split': 10, 'n_estimators': 200}
Mean Recall_macro Score: 0.2831017634326458
Parameters: {'max_depth': 2, 'min_samples_leaf': 2, 'min_samples_split': 10, 'n_estimators': 300}
Mean Recall_macro Score: 0.28390018886342416
Parameters: {'max_depth': 2, 'min_samples_leaf': 4, 'min_samples_split': 2, 'n_estimators': 100}
Mean Recall_macro Score: 0.28312510610304725
Parameters: {'max_depth': 2, 'min_samples_leaf': 4, 'min_samples_split': 2, 'n_estimators': 200}
Mean Recall_macro Score: 0.2831017634326458
Parameters: {'max_depth': 2, 'min_samples_leaf': 4, 'min_samples_split': 2, 'n_estimators': 300}
Mean Recall_macro Score: 0.28390018886342416
Parameters: {'max_depth': 2, 'min_samples_leaf': 4, 'min_samples_split': 5, 'n_estimators': 100}
Mean Recall_macro Score: 0.28312510610304725
Parameters: {'max_depth': 2, 'min_samples_leaf': 4, 'min_samples_split': 5, 'n_estimators': 200}
Mean Recall_macro Score: 0.2831017634326458
Parameters: {'max_depth': 2, 'min_samples_leaf': 4, 'min_samples_split': 5, 'n_estimators': 300}
Mean Recall_macro Score: 0.28390018886342416
Parameters: {'max_depth': 2, 'min_samples_leaf': 4, 'min_samples_split': 10, 'n_estimators': 100}
Mean Recall_macro Score: 0.28312510610304725
Parameters: {'max_depth': 2, 'min_samples_leaf': 4, 'min_samples_split': 10, 'n_estimators': 200}
Mean Recall_macro Score: 0.2831017634326458
Parameters: {'max_depth': 2, 'min_samples_leaf': 4, 'min_samples_split': 10, 'n_estimators': 300}
Mean Recall_macro Score: 0.28390018886342416
Parameters: {'max_depth': 10, 'min_samples_leaf': 1, 'min_samples_split': 2, 'n_estimators': 100}
Mean Recall_macro Score: 0.12931706773618537
Parameters: {'max_depth': 10, 'min_samples_leaf': 1, 'min_samples_split': 2, 'n_estimators': 200}
Mean Recall_macro Score: 0.12921520881079704
Parameters: {'max_depth': 10, 'min_samples_leaf': 1, 'min_samples_split': 2, 'n_estimators': 300}
Mean Recall_macro Score: 0.13070913971649264
Parameters: {'max_depth': 10, 'min_samples_leaf': 1, 'min_samples_split': 5, 'n_estimators': 100}
Mean Recall_macro Score: 0.14081359816653935
Parameters: {'max_depth': 10, 'min_samples_leaf': 1, 'min_samples_split': 5, 'n_estimators': 200}
Mean Recall_macro Score: 0.13948386172650878
Parameters: {'max_depth': 10, 'min_samples_leaf': 1, 'min_samples_split': 5, 'n_estimators': 300}
Mean Recall_macro Score: 0.13654374628639335
Parameters: {'max_depth': 10, 'min_samples_leaf': 1, 'min_samples_split': 10, 'n_estimators': 100}
Mean Recall_macro Score: 0.1721193022663611
Parameters: {'max_depth': 10, 'min_samples_leaf': 1, 'min_samples_split': 10, 'n_estimators': 200}
Mean Recall_macro Score: 0.16627249384602327
Parameters: {'max_depth': 10, 'min_samples_leaf': 1, 'min_samples_split': 10, 'n_estimators': 300}
Mean Recall_macro Score: 0.16342760589084118
Parameters: {'max_depth': 10, 'min_samples_leaf': 2, 'min_samples_split': 2, 'n_estimators': 100}
Mean Recall_macro Score: 0.13995177616501145
Parameters: {'max_depth': 10, 'min_samples_leaf': 2, 'min_samples_split': 2, 'n_estimators': 200}
Mean Recall_macro Score: 0.13622888549359138
Parameters: {'max_depth': 10, 'min_samples_leaf': 2, 'min_samples_split': 2, 'n_estimators': 300}
Mean Recall_macro Score: 0.14066293183940243
Parameters: {'max_depth': 10, 'min_samples_leaf': 2, 'min_samples_split': 5, 'n_estimators': 100}
Mean Recall_macro Score: 0.14637711145064086
Parameters: {'max_depth': 10, 'min_samples_leaf': 2, 'min_samples_split': 5, 'n_estimators': 200}
Mean Recall_macro Score: 0.14556489262371616
Parameters: {'max_depth': 10, 'min_samples_leaf': 2, 'min_samples_split': 5, 'n_estimators': 300}
Mean Recall_macro Score: 0.14269480519480518
Parameters: {'max_depth': 10, 'min_samples_leaf': 2, 'min_samples_split': 10, 'n_estimators': 100}
Mean Recall_macro Score: 0.17565094219505983
Parameters: {'max_depth': 10, 'min_samples_leaf': 2, 'min_samples_split': 10, 'n_estimators': 200}
Mean Recall_macro Score: 0.1670133583736525
Parameters: {'max_depth': 10, 'min_samples_leaf': 2, 'min_samples_split': 10, 'n_estimators': 300}
Mean Recall_macro Score: 0.16639875647228589
Parameters: {'max_depth': 10, 'min_samples_leaf': 4, 'min_samples_split': 2, 'n_estimators': 100}
Mean Recall_macro Score: 0.17076463161021985
Parameters: {'max_depth': 10, 'min_samples_leaf': 4, 'min_samples_split': 2, 'n_estimators': 200}
Mean Recall_macro Score: 0.17137339784398609
Parameters: {'max_depth': 10, 'min_samples_leaf': 4, 'min_samples_split': 2, 'n_estimators': 300}
Mean Recall_macro Score: 0.16439208259061203
Parameters: {'max_depth': 10, 'min_samples_leaf': 4, 'min_samples_split': 5, 'n_estimators': 100}
Mean Recall_macro Score: 0.17076463161021985
Parameters: {'max_depth': 10, 'min_samples_leaf': 4, 'min_samples_split': 5, 'n_estimators': 200}
Mean Recall_macro Score: 0.17137339784398609
Parameters: {'max_depth': 10, 'min_samples_leaf': 4, 'min_samples_split': 5, 'n_estimators': 300}
Mean Recall_macro Score: 0.16439208259061203
Parameters: {'max_depth': 10, 'min_samples_leaf': 4, 'min_samples_split': 10, 'n_estimators': 100}
Mean Recall_macro Score: 0.17706105169340466
Parameters: {'max_depth': 10, 'min_samples_leaf': 4, 'min_samples_split': 10, 'n_estimators': 200}
Mean Recall_macro Score: 0.17705654231389523
Parameters: {'max_depth': 10, 'min_samples_leaf': 4, 'min_samples_split': 10, 'n_estimators': 300}
Mean Recall_macro Score: 0.17336468678380443
Parameters: {'max_depth': 15, 'min_samples_leaf': 1, 'min_samples_split': 2, 'n_estimators': 100}
Mean Recall_macro Score: 0.13291290000848824
Parameters: {'max_depth': 15, 'min_samples_leaf': 1, 'min_samples_split': 2, 'n_estimators': 200}
Mean Recall_macro Score: 0.1277135854341737
Parameters: {'max_depth': 15, 'min_samples_leaf': 1, 'min_samples_split': 2, 'n_estimators': 300}
Mean Recall_macro Score: 0.1263684640522876
Parameters: {'max_depth': 15, 'min_samples_leaf': 1, 'min_samples_split': 5, 'n_estimators': 100}
Mean Recall_macro Score: 0.13943054494525084
Parameters: {'max_depth': 15, 'min_samples_leaf': 1, 'min_samples_split': 5, 'n_estimators': 200}
Mean Recall_macro Score: 0.13863105848399968
Parameters: {'max_depth': 15, 'min_samples_leaf': 1, 'min_samples_split': 5, 'n_estimators': 300}
Mean Recall_macro Score: 0.1385543990323402
Parameters: {'max_depth': 15, 'min_samples_leaf': 1, 'min_samples_split': 10, 'n_estimators': 100}
Mean Recall_macro Score: 0.17143387658093542
Parameters: {'max_depth': 15, 'min_samples_leaf': 1, 'min_samples_split': 10, 'n_estimators': 200}
Mean Recall_macro Score: 0.1705752376708259
Parameters: {'max_depth': 15, 'min_samples_leaf': 1, 'min_samples_split': 10, 'n_estimators': 300}
Mean Recall_macro Score: 0.1671388252270605
Parameters: {'max_depth': 15, 'min_samples_leaf': 2, 'min_samples_split': 2, 'n_estimators': 100}
Mean Recall_macro Score: 0.14244917664035314
Parameters: {'max_depth': 15, 'min_samples_leaf': 2, 'min_samples_split': 2, 'n_estimators': 200}
Mean Recall_macro Score: 0.13911170528817587
Parameters: {'max_depth': 15, 'min_samples_leaf': 2, 'min_samples_split': 2, 'n_estimators': 300}
Mean Recall_macro Score: 0.13979660045836517
Parameters: {'max_depth': 15, 'min_samples_leaf': 2, 'min_samples_split': 5, 'n_estimators': 100}
Mean Recall_macro Score: 0.14719781852134792
Parameters: {'max_depth': 15, 'min_samples_leaf': 2, 'min_samples_split': 5, 'n_estimators': 200}
Mean Recall_macro Score: 0.14145843943638062
Parameters: {'max_depth': 15, 'min_samples_leaf': 2, 'min_samples_split': 5, 'n_estimators': 300}
Mean Recall_macro Score: 0.14065709617180208
Parameters: {'max_depth': 15, 'min_samples_leaf': 2, 'min_samples_split': 10, 'n_estimators': 100}
Mean Recall_macro Score: 0.17500238731856377
Parameters: {'max_depth': 15, 'min_samples_leaf': 2, 'min_samples_split': 10, 'n_estimators': 200}
Mean Recall_macro Score: 0.1678489198709787
Parameters: {'max_depth': 15, 'min_samples_leaf': 2, 'min_samples_split': 10, 'n_estimators': 300}
Mean Recall_macro Score: 0.16861418809948223
Parameters: {'max_depth': 15, 'min_samples_leaf': 4, 'min_samples_split': 2, 'n_estimators': 100}
Mean Recall_macro Score: 0.18069004116798237
Parameters: {'max_depth': 15, 'min_samples_leaf': 4, 'min_samples_split': 2, 'n_estimators': 200}
Mean Recall_macro Score: 0.17213283040488922
Parameters: {'max_depth': 15, 'min_samples_leaf': 4, 'min_samples_split': 2, 'n_estimators': 300}
Mean Recall_macro Score: 0.16993225320431202
Parameters: {'max_depth': 15, 'min_samples_leaf': 4, 'min_samples_split': 5, 'n_estimators': 100}
Mean Recall_macro Score: 0.18069004116798237
Parameters: {'max_depth': 15, 'min_samples_leaf': 4, 'min_samples_split': 5, 'n_estimators': 200}
Mean Recall_macro Score: 0.17213283040488922
Parameters: {'max_depth': 15, 'min_samples_leaf': 4, 'min_samples_split': 5, 'n_estimators': 300}
Mean Recall_macro Score: 0.16993225320431202
Parameters: {'max_depth': 15, 'min_samples_leaf': 4, 'min_samples_split': 10, 'n_estimators': 100}
Mean Recall_macro Score: 0.17060415075120958
Parameters: {'max_depth': 15, 'min_samples_leaf': 4, 'min_samples_split': 10, 'n_estimators': 200}
Mean Recall_macro Score: 0.1757461696799932
Parameters: {'max_depth': 15, 'min_samples_leaf': 4, 'min_samples_split': 10, 'n_estimators': 300}
Mean Recall_macro Score: 0.17355593752652576
Best Parameters:
{'max_depth': 2, 'min_samples_leaf': 1, 'min_samples_split': 2, 'n_estimators': 300}
Best Score:
0.28390018886342416